<?xml version="1.0" encoding="UTF-8"?>
<!-- Generated by org.testng.reporters.JUnitReportReporter -->
<testsuite hostname="DUYEN" failures="0" tests="1" name="Chapter3" time="32.741" errors="0" timestamp="2024-06-13T10:06:22 ICT" skipped="0">
  <testcase classname="Chapter3" name="Register" time="32.741"/>
</testsuite> <!-- Chapter3 -->
